pcat_ferm_bubb successfull.
pcat_ferm_igal_mock successfull.
pcat_ferm_mock_igal_brok successfull.
pcat_ferm_igal_inpt successfull.
pcat_ferm_inpt_ptch successfull.
pcat_ferm_inpt_ptch successfull.
pcat_ferm_inpt_igal_popl successfull.
pcat_ferm_mock_igal_brok successfull.
pcat_ferm_mock_igal_syst successfull.
pcat_ferm_inpt_igal successfull.
pcat_ferm_mock_igal successfull.
pcat_ferm_ngal_inpt successfull.
pcat_ferm_ngal_mock successfull.
pcat_ferm_quas_mock successfull.
pcat_tgas_mock successfull.
pcat_tgas_inpt successfull.
pcat_lens_mock_grid successfull.
pcat_lens_intrevalcntpresi successfull.
pcat_lens_intrevalcntpmodl successfull.
pcat_lens_mock_sing successfull.
pcat_lens_mock_next successfull.
pcat_lens_mock_syst successfull.
pcat_lens_mock_sour successfull.
pcat_lens_mock_perf successfull.
pcat_lens_mock_reln successfull.
pcat_lens_mock_sele successfull.
pcat_lens_mock_tmpr successfull.
pcat_lens_mock_macr successfull.
pcat_lens_mock_test successfull.
pcat_lens_mock_many successfull.
pcat_lens_mock_spmr successfull.
pcat_lens_mock successfull.
pcat_lens_inpt successfull.
pcat_lens_psfn successfull.
pcat_lens_intrevalresicntp successfull.
pcat_lens_mockonly successfull.
pcat_chan_mock_spmr successfull.
pcat_chan_mock_popl successfull.
pcat_chan_mock_spec successfull.
pcat_chan_mock successfull.
pcat_chan_mock_maxmllik successfull.
pcat_chan_inpt successfull.
