pcat_chan_mock_spmr successfull.
pcat_chan_mock_popl successfull.
pcat_chan_spec_spmr successfull.
pcat_chan_mock successfull.
pcat_chan_mock_trueminmdlos successfull.
pcat_chan_mock_truemaxmdlos successfull.
pcat_chan_mock_trueminmlum0 successfull.
pcat_chan_mock_truemaxmlum0 successfull.
pcat_chan_mock_maxmllik successfull.
pcat_chan_inpt successfull.
pcat_voig_mock successfull.
pcat_ferm_quas_mock successfull.
pcat_ferm_ngal_inpt successfull.
pcat_ferm_ngal_mock successfull.
pcat_tgas_mock successfull.
pcat_tgas_mock_spmr successfull.
pcat_tgas_inpt successfull.
pcat_ferm_bubb successfull.
pcat_ferm_brek_mock successfull.
pcat_ferm_igal_mock successfull.
pcat_ferm_igal_inpt successfull.
pcat_ferm_inpt_ptch successfull.
pcat_ferm_inpt_ptch successfull.
pcat_ferm_inpt_igal_popl successfull.
pcat_ferm_mock_igal_brok successfull.
pcat_ferm_mock_igal_syst successfull.
pcat_ferm_inpt_igal successfull.
pcat_ferm_mock_igal successfull.
pcat_clas_lens successfull.
pcat_lens_intrevalcntpresi successfull.
pcat_lens_intrevalcntpmodl successfull.
pcat_lens_mock_truesgnl successfull.
pcat_lens_mock_trueminmdefs failed.
pcat_lens_mock_pars successfull.
pcat_lens_mock_fittnumb successfull.
pcat_lens_mock_trueback successfull.
pcat_lens_mock_sour successfull.
pcat_lens_mock_reln successfull.
pcat_lens_mock_sele successfull.
pcat_lens_mock_tmpr successfull.
pcat_lens_mock_macr successfull.
pcat_lens_mock_test successfull.
pcat_lens_mock_many successfull.
pcat_lens_mock_spmr successfull.
pcat_lens_inpt successfull.
pcat_lens_psfn successfull.
pcat_lens_intrevalresicntp successfull.
pcat_lens_mockonly successfull.
pcat_lens_mock_papr successfull.
pcat_chan_spec_mock successfull.
